
READING INPUT DATASET .................
2018-07-05 2019-07-04
2009-05-03 2018-07-05

PROCESSING INPUT DATASET .................
in dropzips
(4662, 25)

CREATING A CLEAN TRAIN TEST DATASET .................
(4662, 25)
   host_is_superhost  host_identity_verified  zipcode   latitude   longitude  \
0                  1                       1  94117.0  37.769310 -122.433856   
1                  0                       1  94110.0  37.745112 -122.421018   
2                  0                       1  94117.0  37.766690 -122.452505   
3                  1                       1  94127.0  37.730746 -122.448409   
4                  0                       1  94117.0  37.764872 -122.451828   

   accommodates  bathrooms  bedrooms  beds  bed_type  price  cleaning_fee  \
0             3        1.0         1   2.0         1  170.0         100.0   
1             5        1.0         2   3.0         1  235.0         100.0   
2             2        4.0         1   1.0         1   65.0          50.0   
3             1        2.0         1   1.0         1   63.0          30.0   
4             2        4.0         1   1.0         1   65.0          50.0   

   guests_included  room_type_full  room_type_pvt  amentcnt  \
0                2               1              0        26   
1                2               1              0        17   
2                1               0              1        18   
3                1               0              1        30   
4                1               0              1        16   

   min_night_stay_long  min_night_stay_mid  ppt_condensed_apt  \
0                    0                   0                  1   
1                    0                   1                  1   
2                    0                   1                  1   
3                    0                   1                  0   
4                    0                   1                  1   

   ppt_condensed_aptspl  ppt_condensed_auto  ppt_condensed_hostel  \
0                     0                   0                     0   
1                     0                   0                     0   
2                     0                   0                     0   
3                     0                   0                     0   
4                     0                   0                     0   

   ppt_condensed_hotel  ppt_condensed_house  ppt_condensed_other  
0                    0                    0                    0  
1                    0                    0                    0  
2                    0                    0                    0  
3                    0                    1                    0  
4                    0                    0                    0  
(3729, 24) (933, 24)
(3729,) (933,)
MODELLING PRICE SPLIT DATA !!!!!!!!!!!!!

RUNNING LINEAR REGRESSION .................  :  Lin_lt5C
                                1486          745           1714  \
const                       1.000000      1.000000      1.000000   
host_is_superhost           0.000000      1.000000      1.000000   
host_identity_verified      1.000000      1.000000      0.000000   
zipcode                 94110.000000  94110.000000  94110.000000   
latitude                   37.736190     37.751680     37.737828   
longitude                -122.418315   -122.419792   -122.413415   
accommodates                5.000000      3.000000      5.000000   
bathrooms                   2.000000      1.000000      1.000000   
bedrooms                    2.000000      1.000000      3.000000   
beds                        3.000000      2.000000      3.000000   
bed_type                    1.000000      1.000000      1.000000   
cleaning_fee              175.000000     70.000000    250.000000   
guests_included             1.000000      2.000000      4.000000   
room_type_full              1.000000      0.000000      1.000000   
room_type_pvt               0.000000      1.000000      0.000000   
amentcnt                   22.000000     21.000000     20.000000   
min_night_stay_long         0.000000      0.000000      0.000000   
min_night_stay_mid          0.000000      0.000000      0.000000   
ppt_condensed_apt           0.000000      1.000000      0.000000   
ppt_condensed_aptspl        0.000000      0.000000      0.000000   
ppt_condensed_auto          0.000000      0.000000      0.000000   
ppt_condensed_hostel        0.000000      0.000000      0.000000   
ppt_condensed_hotel         0.000000      0.000000      0.000000   
ppt_condensed_house         1.000000      0.000000      1.000000   
ppt_condensed_other         0.000000      0.000000      0.000000   

                                359           1826  
const                       1.000000      1.000000  
host_is_superhost           1.000000      1.000000  
host_identity_verified      1.000000      1.000000  
zipcode                 94110.000000  94117.000000  
latitude                   37.762843     37.767314  
longitude                -122.424432   -122.445797  
accommodates                4.000000      2.000000  
bathrooms                   2.000000      1.500000  
bedrooms                    2.000000      1.000000  
beds                        2.000000      1.000000  
bed_type                    1.000000      1.000000  
cleaning_fee              110.000000      0.000000  
guests_included             4.000000      1.000000  
room_type_full              1.000000      0.000000  
room_type_pvt               0.000000      1.000000  
amentcnt                   27.000000     27.000000  
min_night_stay_long         0.000000      0.000000  
min_night_stay_mid          0.000000      0.000000  
ppt_condensed_apt           1.000000      1.000000  
ppt_condensed_aptspl        0.000000      0.000000  
ppt_condensed_auto          0.000000      0.000000  
ppt_condensed_hostel        0.000000      0.000000  
ppt_condensed_hotel         0.000000      0.000000  
ppt_condensed_house         0.000000      0.000000  
ppt_condensed_other         0.000000      0.000000  
                            OLS Regression Results                            
==============================================================================
Dep. Variable:                  price   R-squared:                       0.560
Model:                            OLS   Adj. R-squared:                  0.558
Method:                 Least Squares   F-statistic:                     211.4
Date:                Thu, 16 Aug 2018   Prob (F-statistic):               0.00
Time:                        01:43:49   Log-Likelihood:                -19704.
No. Observations:                3505   AIC:                         3.945e+04
Df Residuals:                    3483   BIC:                         3.959e+04
Df Model:                          21                                         
Covariance Type:            nonrobust                                         
==========================================================================================
                             coef    std err          t      P>|t|      [0.025      0.975]
------------------------------------------------------------------------------------------
const                     24.1818     17.520      1.380      0.168     -10.169      58.533
host_is_superhost          4.5237      2.481      1.823      0.068      -0.341       9.389
host_identity_verified    10.2350      2.476      4.134      0.000       5.381      15.090
accommodates              14.7559      1.332     11.079      0.000      12.145      17.367
bathrooms                 15.8919      2.418      6.573      0.000      11.152      20.632
bedrooms                  36.0318      2.331     15.459      0.000      31.462      40.602
beds                     -10.2783      1.955     -5.259      0.000     -14.110      -6.446
bed_type                   1.1294      9.806      0.115      0.908     -18.096      20.355
cleaning_fee               0.3014      0.026     11.799      0.000       0.251       0.352
guests_included            1.1554      1.108      1.043      0.297      -1.017       3.327
room_type_full            92.7709     10.874      8.531      0.000      71.450     114.092
room_type_pvt             41.8636     10.673      3.922      0.000      20.937      62.790
amentcnt                   0.3017      0.115      2.629      0.009       0.077       0.527
min_night_stay_long      -30.2203     18.082     -1.671      0.095     -65.673       5.233
min_night_stay_mid       -34.2040      3.170    -10.790      0.000     -40.419     -27.989
ppt_condensed_apt        -44.6693     10.510     -4.250      0.000     -65.275     -24.063
ppt_condensed_aptspl     -22.7201     14.393     -1.579      0.115     -50.940       5.500
ppt_condensed_auto       -62.1236     48.683     -1.276      0.202    -157.574      33.327
ppt_condensed_hostel     -57.5671     15.597     -3.691      0.000     -88.147     -26.988
ppt_condensed_hotel       28.3908     11.647      2.438      0.015       5.554      51.227
ppt_condensed_house      -58.6435     10.650     -5.506      0.000     -79.524     -37.763
ppt_condensed_other      -17.7132     19.405     -0.913      0.361     -55.760      20.333
==============================================================================
Omnibus:                      543.915   Durbin-Watson:                   1.991
Prob(Omnibus):                  0.000   Jarque-Bera (JB):             1514.159
Skew:                           0.829   Prob(JB):                         0.00
Kurtosis:                       5.760   Cond. No.                     4.19e+03
==============================================================================

Warnings:
[1] Standard Errors assume that the covariance matrix of the errors is correctly specified.
[2] The condition number is large, 4.19e+03. This might indicate that there are
strong multicollinearity or other numerical problems.

   **************** Metrics for :  Lin_lt5C  *******************
   R2 (Variance Squared ERROR)                   = 0.5630
   MSE (Mean Squared ERROR)                      = 4155.3912
   RMSE (ROOT Mean Squared ERROR)                = 64.4623
   RMSLE (ROOT Mean Squared Logrithmic ERROR)    = 0.3848
   PCTE  (Percent Absolute Error)                = 0.3486

   Baseline Mean Absolute Error                  = 77.42548779203487
   Predicted Mean Absolute Error                 = 49.562200402974916
   Accuracy  (100-MAPE mean absolute PCT ERR)    = 65.14 %

   **************** -------------------------- ******************* 877 4.849129093161211

RUNNING RANDOM FOREST .................  : RF_lt5C
                                1486          745           1714  \
host_is_superhost           0.000000      1.000000      1.000000   
host_identity_verified      1.000000      1.000000      0.000000   
zipcode                 94110.000000  94110.000000  94110.000000   
latitude                   37.736190     37.751680     37.737828   
longitude                -122.418315   -122.419792   -122.413415   
accommodates                5.000000      3.000000      5.000000   
bathrooms                   2.000000      1.000000      1.000000   
bedrooms                    2.000000      1.000000      3.000000   
beds                        3.000000      2.000000      3.000000   
bed_type                    1.000000      1.000000      1.000000   
cleaning_fee              175.000000     70.000000    250.000000   
guests_included             1.000000      2.000000      4.000000   
room_type_full              1.000000      0.000000      1.000000   
room_type_pvt               0.000000      1.000000      0.000000   
amentcnt                   22.000000     21.000000     20.000000   
min_night_stay_long         0.000000      0.000000      0.000000   
min_night_stay_mid          0.000000      0.000000      0.000000   
ppt_condensed_apt           0.000000      1.000000      0.000000   
ppt_condensed_aptspl        0.000000      0.000000      0.000000   
ppt_condensed_auto          0.000000      0.000000      0.000000   
ppt_condensed_hostel        0.000000      0.000000      0.000000   
ppt_condensed_hotel         0.000000      0.000000      0.000000   
ppt_condensed_house         1.000000      0.000000      1.000000   
ppt_condensed_other         0.000000      0.000000      0.000000   

                                359           1826  
host_is_superhost           1.000000      1.000000  
host_identity_verified      1.000000      1.000000  
zipcode                 94110.000000  94117.000000  
latitude                   37.762843     37.767314  
longitude                -122.424432   -122.445797  
accommodates                4.000000      2.000000  
bathrooms                   2.000000      1.500000  
bedrooms                    2.000000      1.000000  
beds                        2.000000      1.000000  
bed_type                    1.000000      1.000000  
cleaning_fee              110.000000      0.000000  
guests_included             4.000000      1.000000  
room_type_full              1.000000      0.000000  
room_type_pvt               0.000000      1.000000  
amentcnt                   27.000000     27.000000  
min_night_stay_long         0.000000      0.000000  
min_night_stay_mid          0.000000      0.000000  
ppt_condensed_apt           1.000000      1.000000  
ppt_condensed_aptspl        0.000000      0.000000  
ppt_condensed_auto          0.000000      0.000000  
ppt_condensed_hostel        0.000000      0.000000  
ppt_condensed_hotel         0.000000      0.000000  
ppt_condensed_house         0.000000      0.000000  
ppt_condensed_other         0.000000      0.000000  

   **************** Metrics for :  RF_lt5C  *******************
   R2 (Variance Squared ERROR)                   = 0.6035
   MSE (Mean Squared ERROR)                      = 3771.0860
   RMSE (ROOT Mean Squared ERROR)                = 61.4092
   RMSLE (ROOT Mean Squared Logrithmic ERROR)    = 0.3510
   PCTE  (Percent Absolute Error)                = 0.3058

   Baseline Mean Absolute Error                  = 77.42548779203487
   Predicted Mean Absolute Error                 = 44.75984634657567
   Accuracy  (100-MAPE mean absolute PCT ERR)    = 69.42 %

   **************** -------------------------- ******************* 877 4.791046122367235
          1 0.3613363630308515
          5 0.5803902253784491
          10 0.6034574852494206
          15 0.6092656330881016
          25 0.6275987325663113
          50 0.6326974473477271
          100 0.6342085597370956
          150 0.632416522058659
          200 0.634679863195903
          250 0.6373515184476073
          300 0.6370765154032141
          400 0.6359011062886915
          500 0.6361040276604142
          700 0.6351398872275846
          900 0.6349069995117185
          1200 0.635113004652797
          1500 0.6351180282011322
          1800 0.634568986251907
          2000 0.6346750849427354
[1, 5, 10, 15, 25, 50, 100, 150, 200, 250, 300, 400, 500, 700, 900, 1200, 1500, 1800, 2000] [0.3613363630308515, 0.5803902253784491, 0.6034574852494206, 0.6092656330881016, 0.6275987325663113, 0.6326974473477271, 0.6342085597370956, 0.632416522058659, 0.634679863195903, 0.6373515184476073, 0.6370765154032141, 0.6359011062886915, 0.6361040276604142, 0.6351398872275846, 0.6349069995117185, 0.635113004652797, 0.6351180282011322, 0.634568986251907, 0.6346750849427354]
Fitting 3 folds for each of 100 candidates, totalling 300 fits
{'n_estimators': 200, 'min_samples_split': 2, 'min_samples_leaf': 1, 'max_features': 'sqrt', 'max_depth': 10, 'bootstrap': False}
0.6091962866464335
   ********************* BASE MODEL Performance *********************
   R2 Score = 0.60.
   Average Error: 44.7475
   Accuracy = 69.81%.
   ********************* RANDOM MODEL Performance *********************
   R2 Score = 0.64.
   Average Error: 44.0350
   Accuracy = 69.39%.
Improvement of -0.60%.

   **************** Metrics for :  RF_lt5CBFF  *******************
   R2 (Variance Squared ERROR)                   = 0.6448
   MSE (Mean Squared ERROR)                      = 3378.3862
   RMSE (ROOT Mean Squared ERROR)                = 58.1239
   RMSLE (ROOT Mean Squared Logrithmic ERROR)    = 0.3382
   PCTE  (Percent Absolute Error)                = 0.3061

   Baseline Mean Absolute Error                  = 77.42548779203487
   Predicted Mean Absolute Error                 = 44.03502928161558
   Accuracy  (100-MAPE mean absolute PCT ERR)    = 69.39 %

   **************** -------------------------- ******************* 877 4.348346982133378

PROCESSING INPUT DATASET .................
in dropzips
(14312, 25)

PROCESSING INPUT DATASET .................
in dropzips
(4662, 25)
MODELLING TIME SPLIT DATA !!!!!!!!!!!!!

RUNNING LINEAR REGRESSION .................  :  Lin_t07
                              0        1        2        3        4
const                         1        1        1        1        1
host_is_superhost             1        0        0        1        0
host_identity_verified        1        1        1        1        1
zipcode                   94117    94110    94117    94127    94117
latitude                37.7693  37.7451  37.7667  37.7307  37.7649
longitude              -122.434 -122.421 -122.453 -122.448 -122.452
accommodates                  3        5        2        1        2
bathrooms                     1        1        4        2        4
bedrooms                      1        2        1        1        1
beds                          2        3        1        1        1
bed_type                      1        1        1        1        1
cleaning_fee                100      100       50       30       50
guests_included               2        2        1        1        1
room_type_full                1        1        0        0        0
room_type_pvt                 0        0        1        1        1
amentcnt                     26       17       14       30        8
min_night_stay_long           0        0        0        0        0
min_night_stay_mid            0        1        1        0        1
ppt_condensed_apt             1        1        1        0        0
ppt_condensed_aptspl          0        0        0        0        0
ppt_condensed_auto            0        0        0        0        0
ppt_condensed_hostel          0        0        0        0        0
ppt_condensed_hotel           0        0        0        0        0
ppt_condensed_house           0        0        0        1        1
ppt_condensed_other           0        0        0        0        0
                            OLS Regression Results                            
==============================================================================
Dep. Variable:                  price   R-squared:                       0.547
Model:                            OLS   Adj. R-squared:                  0.546
Method:                 Least Squares   F-statistic:                     772.4
Date:                Thu, 16 Aug 2018   Prob (F-statistic):               0.00
Time:                        01:46:18   Log-Likelihood:                -75926.
No. Observations:               13482   AIC:                         1.519e+05
Df Residuals:                   13460   BIC:                         1.521e+05
Df Model:                          21                                         
Covariance Type:            nonrobust                                         
==========================================================================================
                             coef    std err          t      P>|t|      [0.025      0.975]
------------------------------------------------------------------------------------------
const                      3.7343      6.972      0.536      0.592      -9.931      17.400
host_is_superhost          3.5934      1.252      2.870      0.004       1.139       6.048
host_identity_verified    12.1283      1.296      9.359      0.000       9.588      14.668
accommodates              16.9463      0.663     25.558      0.000      15.647      18.246
bathrooms                 -0.5666      0.947     -0.598      0.550      -2.423       1.290
bedrooms                  25.5763      1.095     23.354      0.000      23.430      27.723
beds                     -11.2283      0.979    -11.472      0.000     -13.147      -9.310
bed_type                   4.0863      4.667      0.876      0.381      -5.062      13.235
cleaning_fee               0.3071      0.014     22.724      0.000       0.281       0.334
guests_included            3.7023      0.565      6.552      0.000       2.595       4.810
room_type_full            93.4035      4.743     19.693      0.000      84.107     102.700
room_type_pvt             41.3221      4.640      8.906      0.000      32.228      50.417
amentcnt                   0.2817      0.060      4.671      0.000       0.164       0.400
min_night_stay_long      -31.5283      8.643     -3.648      0.000     -48.471     -14.586
min_night_stay_mid       -30.7722      1.670    -18.425      0.000     -34.046     -27.498
ppt_condensed_apt         -6.8474      3.547     -1.931      0.054     -13.799       0.105
ppt_condensed_aptspl      -4.2070      5.565     -0.756      0.450     -15.115       6.701
ppt_condensed_auto        -9.2814     21.700     -0.428      0.669     -51.817      33.255
ppt_condensed_hostel     -16.3763      7.053     -2.322      0.020     -30.201      -2.552
ppt_condensed_hotel       39.6131      4.615      8.583      0.000      30.567      48.660
ppt_condensed_house      -17.5403      3.639     -4.820      0.000     -24.674     -10.407
ppt_condensed_other       13.1141      8.047      1.630      0.103      -2.659      28.887
==============================================================================
Omnibus:                     2223.111   Durbin-Watson:                   1.808
Prob(Omnibus):                  0.000   Jarque-Bera (JB):             5540.921
Skew:                           0.923   Prob(JB):                         0.00
Kurtosis:                       5.541   Cond. No.                     3.51e+03
==============================================================================

Warnings:
[1] Standard Errors assume that the covariance matrix of the errors is correctly specified.
[2] The condition number is large, 3.51e+03. This might indicate that there are
strong multicollinearity or other numerical problems.

   **************** Metrics for :  Lin_t07  *******************
   R2 (Variance Squared ERROR)                   = 0.5402
   MSE (Mean Squared ERROR)                      = 4618.9389
   RMSE (ROOT Mean Squared ERROR)                = 67.9628
   RMSLE (ROOT Mean Squared Logrithmic ERROR)    = 0.3771
   PCTE  (Percent Absolute Error)                = 0.3327

   Baseline Mean Absolute Error                  = 79.72063570296392
   Predicted Mean Absolute Error                 = 50.37931521964294
   Accuracy  (100-MAPE mean absolute PCT ERR)    = 66.73 %

   **************** -------------------------- ******************* 4382 4.901069196186545

RUNNING RANDOM FOREST .................  : RF_t07
                              0        1        2        3        4
host_is_superhost             1        0        0        1        0
host_identity_verified        1        1        1        1        1
zipcode                   94117    94110    94117    94127    94117
latitude                37.7693  37.7451  37.7667  37.7307  37.7649
longitude              -122.434 -122.421 -122.453 -122.448 -122.452
accommodates                  3        5        2        1        2
bathrooms                     1        1        4        2        4
bedrooms                      1        2        1        1        1
beds                          2        3        1        1        1
bed_type                      1        1        1        1        1
cleaning_fee                100      100       50       30       50
guests_included               2        2        1        1        1
room_type_full                1        1        0        0        0
room_type_pvt                 0        0        1        1        1
amentcnt                     26       17       14       30        8
min_night_stay_long           0        0        0        0        0
min_night_stay_mid            0        1        1        0        1
ppt_condensed_apt             1        1        1        0        0
ppt_condensed_aptspl          0        0        0        0        0
ppt_condensed_auto            0        0        0        0        0
ppt_condensed_hostel          0        0        0        0        0
ppt_condensed_hotel           0        0        0        0        0
ppt_condensed_house           0        0        0        1        1
ppt_condensed_other           0        0        0        0        0

   **************** Metrics for :  RF_t07  *******************
   R2 (Variance Squared ERROR)                   = 0.8508
   MSE (Mean Squared ERROR)                      = 1498.5267
   RMSE (ROOT Mean Squared ERROR)                = 38.7108
   RMSLE (ROOT Mean Squared Logrithmic ERROR)    = 0.2229
   PCTE  (Percent Absolute Error)                = 0.1387

   Baseline Mean Absolute Error                  = 79.72063570296392
   Predicted Mean Absolute Error                 = 20.845523906120416
   Accuracy  (100-MAPE mean absolute PCT ERR)    = 86.13 %

   **************** -------------------------- ******************* 4382 3.17249903287761
          1 0.7092062980546894
          5 0.8348107831726959
          10 0.850828447348345
          15 0.8524870521871633
          25 0.857987040460279
          50 0.8612911251074915
          100 0.8643358358413538
          150 0.8654498475127815
          200 0.8656329447912604
          250 0.8662225600045866
          300 0.8663851957470585
          400 0.8670212154423133
          500 0.8670105013819642
          700 0.8668477589664683
          900 0.8667993247256756
          1200 0.8667971712837054
          1500 0.8667795101682334
          1800 0.8667373708946982
          2000 0.8667217462763447
[1, 5, 10, 15, 25, 50, 100, 150, 200, 250, 300, 400, 500, 700, 900, 1200, 1500, 1800, 2000] [0.7092062980546894, 0.8348107831726959, 0.850828447348345, 0.8524870521871633, 0.857987040460279, 0.8612911251074915, 0.8643358358413538, 0.8654498475127815, 0.8656329447912604, 0.8662225600045866, 0.8663851957470585, 0.8670212154423133, 0.8670105013819642, 0.8668477589664683, 0.8667993247256756, 0.8667971712837054, 0.8667795101682334, 0.8667373708946982, 0.8667217462763447]
Fitting 3 folds for each of 100 candidates, totalling 300 fits
{'n_estimators': 200, 'min_samples_split': 2, 'min_samples_leaf': 1, 'max_features': 'sqrt', 'max_depth': 70, 'bootstrap': False}
0.9023909177725347
   ********************* BASE MODEL Performance *********************
   R2 Score = 0.85.
   Average Error: 20.8716
   Accuracy = 86.09%.
   ********************* RANDOM MODEL Performance *********************
   R2 Score = 0.88.
   Average Error: 15.3801
   Accuracy = 89.67%.
Improvement of 4.16%.

   **************** Metrics for :  RF_t07BFF  *******************
   R2 (Variance Squared ERROR)                   = 0.8816
   MSE (Mean Squared ERROR)                      = 1189.5717
   RMSE (ROOT Mean Squared ERROR)                = 34.4902
   RMSLE (ROOT Mean Squared Logrithmic ERROR)    = 0.1990
   PCTE  (Percent Absolute Error)                = 0.1033

   Baseline Mean Absolute Error                  = 79.72063570296392
   Predicted Mean Absolute Error                 = 15.380078121262896
   Accuracy  (100-MAPE mean absolute PCT ERR)    = 89.67 %

   **************** -------------------------- ******************* 4382 2.92006067049615
ANALYZING PREDICTIONS !!!!!!!!!!!!!
[1, 2, 0, 3, 4, 5, 7, 6]
[0, 1, 2, 3, 4, 5, 6, 7]
  bedrooms Z_test_LIN_lt5c Z_test_RF_lt5c Z_test_LIN_t07 Z_test_RF_t07
0      0.0        0.372687       0.311141       0.366801      0.092859
1      1.0        0.371482       0.319960       0.340881      0.113384
2      2.0        0.298430       0.280258       0.308929      0.090561
3      3.0        0.282022       0.267994       0.284707      0.074423
4      4.0        0.197514       0.215984       0.256646      0.070825
5      5.0        0.210116       0.174579       0.125795      0.078897
6      6.0             NaN            NaN       0.072658      0.066933
7      7.0             NaN            NaN       4.467106      0.000000
[2, 4, 1, 3, 6, 5, 8, 7, 10, 12, 9, 14, 11, 13]
[1, 2, 3, 4, 5, 6, 7, 8, 9, 10, 11, 12, 13, 14]
   accommodates Z_test_LIN_lt5c Z_test_RF_lt5c Z_test_LIN_t07 Z_test_RF_t07
0           1.0        0.439130       0.400045       0.333081      0.096567
1           2.0        0.358508       0.300069       0.339791      0.119282
2           3.0        0.291149       0.276160       0.347157      0.086772
3           4.0        0.328994       0.306682       0.331956      0.105290
4           5.0        0.380919       0.350447       0.338326      0.073686
5           6.0        0.273744       0.250456       0.296401      0.073506
6           7.0        0.374726       0.335248       0.224758      0.049666
7           8.0        0.238413       0.215517       0.309083      0.050050
8           9.0        0.280901       0.222640       0.242578      0.069144
9          10.0        0.099317       0.120128       0.203126      0.022166
10         11.0             NaN            NaN       0.145943      0.019764
11         12.0        0.202166       0.212024       0.142874      0.060719
12         13.0             NaN            NaN       0.416950      0.091553
13         14.0        3.182937       1.446655       2.119317      0.000000
[1.0, 2.0, 1.5, 0.0, 2.5, 3.0, 4.0, 0.5, 5.0, 3.5, 7.0, 4.5, 6.5]
[0.0, 0.5, 1.0, 1.5, 2.0, 2.5, 3.0, 3.5, 4.0, 4.5, 5.0, 6.5, 7.0]
   bathrooms Z_test_LIN_lt5c Z_test_RF_lt5c Z_test_LIN_t07 Z_test_RF_t07
0        0.0        0.617503       0.560032       0.482832      0.103727
1        0.5        0.471357       0.192765       0.494831      0.139879
2        1.0        0.338173       0.307229       0.331432      0.107873
3        1.5        0.382319       0.356370       0.298112      0.088360
4        2.0        0.288836       0.250736       0.329764      0.092984
5        2.5        0.365738       0.293899       0.310847      0.059368
6        3.0        0.182676       0.143829       0.278750      0.077890
7        3.5        0.350385       0.150242       0.221066      0.045658
8        4.0        0.993269       0.282273       0.783741      0.077888
9        4.5        0.093790       0.142490       0.199954      0.135535
10       5.0        0.917639       0.095405       0.284083      0.230499
11       6.5             NaN            NaN       0.594098      0.000000
12       7.0        3.182937       1.446655       3.025132      0.000000
[1.0, 2.0, 3.0, 4.0, 5.0, 6.0, 0.0, 7.0, 14.0, 8.0, 10.0]
[0.0, 1.0, 2.0, 3.0, 4.0, 5.0, 6.0, 7.0, 8.0, 10.0, 14.0]
    beds Z_test_LIN_lt5c Z_test_RF_lt5c Z_test_LIN_t07 Z_test_RF_t07
0    0.0        0.559657       0.271863       0.292727      0.105723
1    1.0        0.369537       0.315485       0.341998      0.108570
2    2.0        0.302985       0.292447       0.327248      0.108469
3    3.0        0.347596       0.332012       0.321813      0.080748
4    4.0        0.323741       0.252108       0.301571      0.085795
5    5.0        0.331531       0.229747       0.307730      0.074099
6    6.0        0.154656       0.143000       0.206691      0.021631
7    7.0        0.157629       0.100706       0.168220      0.016617
8    8.0        0.013705       0.276434       0.070321      0.025021
9   10.0             NaN            NaN       0.035125      0.000000
10  14.0        3.182937       1.446655       3.025132      0.000000
[1, 0]
[0, 1]
  bed_type Z_test_LIN_lt5c Z_test_RF_lt5c Z_test_LIN_t07 Z_test_RF_t07
0      0.0        0.361682       0.401203       0.337148      0.034667
1      1.0        0.348349       0.304078       0.332643      0.104325
[94110.0, 94114.0, 94117.0, 94122.0, 94107.0, 94112.0, 94102.0, 94131.0, 94103.0, 94118.0, 94116.0, 94133.0, 94109.0, 94115.0, 94108.0, 94121.0, 94134.0, 94124.0, 94127.0, 94123.0, 94132.0, 94014.0, 94105.0, 94111.0, 94158.0, 94104.0, 94129.0, 94015.0, 94965.0]
[94014.0, 94015.0, 94102.0, 94103.0, 94104.0, 94105.0, 94107.0, 94108.0, 94109.0, 94110.0, 94111.0, 94112.0, 94114.0, 94115.0, 94116.0, 94117.0, 94118.0, 94121.0, 94122.0, 94123.0, 94124.0, 94127.0, 94129.0, 94131.0, 94132.0, 94133.0, 94134.0, 94158.0, 94965.0]
    zipcode Z_test_LIN_lt5c Z_test_RF_lt5c Z_test_LIN_t07 Z_test_RF_t07
0   94014.0        0.524340       0.707740       0.656092      0.423881
1   94015.0             NaN            NaN       0.157235      0.236318
2   94102.0        0.471016       0.216559       0.373348      0.061942
3   94103.0        0.228332       0.199400       0.253849      0.095157
4   94104.0        0.200636       0.395189       0.239702      0.092619
5   94105.0        0.339571       0.319531       0.254967      0.079592
6   94107.0        0.250527       0.277521       0.241993      0.081323
7   94108.0        0.533817       0.343619       0.444608      0.070802
8   94109.0        0.414588       0.375034       0.312590      0.073527
9   94110.0        0.293379       0.297006       0.283875      0.092198
10  94111.0        0.168762       0.244194       0.501805      0.075908
11  94112.0        0.468777       0.449351       0.501546      0.115070
12  94114.0        0.245181       0.235533       0.260072      0.093826
13  94115.0        0.297864       0.292492       0.252872      0.090776
14  94116.0        0.408349       0.354891       0.459915      0.183598
15  94117.0        0.343305       0.229789       0.287828      0.119124
16  94118.0        0.366134       0.358641       0.314668      0.059917
17  94121.0        0.451025       0.423234       0.336017      0.092460
18  94122.0        0.358411       0.340593       0.363689      0.134789
19  94123.0        0.311876       0.264294       0.268760      0.203573
20  94124.0        0.719450       0.616014       0.590924      0.128153
21  94127.0        0.188229       0.214426       0.312713      0.068452
22  94129.0        0.051336       0.090653       0.050504      0.060373
23  94131.0        0.305768       0.289620       0.286291      0.089124
24  94132.0        0.616852       0.207580       0.616582      0.188762
25  94133.0        0.265594       0.254490       0.280929      0.068465
26  94134.0        0.486743       0.459985       0.545368      0.170710
27  94158.0        0.252058       0.190961       0.268195      0.246730
28  94965.0             NaN            NaN       0.304214      0.002556
MODELLING PROCESS COMPLETE !!!!!!!!!!!!!!!!!!!!!!! 
