
RUNNING LINEAR REGRESSION .................  :  OLS_LinReg_lt500_DSET
                            OLS Regression Results                            
==============================================================================
Dep. Variable:                  price   R-squared:                       0.615
Model:                            OLS   Adj. R-squared:                  0.610
Method:                 Least Squares   F-statistic:                     115.0
Date:                Fri, 10 Aug 2018   Prob (F-statistic):               0.00
Time:                        21:10:38   Log-Likelihood:                -19471.
No. Observations:                3505   AIC:                         3.904e+04
Df Residuals:                    3456   BIC:                         3.934e+04
Df Model:                          48                                         
Covariance Type:            nonrobust                                         
==========================================================================================
                             coef    std err          t      P>|t|      [0.025      0.975]
------------------------------------------------------------------------------------------
const                    -10.6210     65.382     -0.162      0.871    -138.812     117.570
host_is_superhost          4.4639      2.363      1.889      0.059      -0.169       9.096
host_identity_verified     7.8694      2.359      3.336      0.001       3.244      12.495
accommodates              14.8368      1.270     11.682      0.000      12.347      17.327
bathrooms                 15.0908      2.350      6.420      0.000      10.482      19.699
bedrooms                  35.3597      2.279     15.514      0.000      30.891      39.828
beds                      -8.3203      1.860     -4.474      0.000     -11.967      -4.674
bed_type                  -2.0241      9.253     -0.219      0.827     -20.165      16.117
cleaning_fee               0.2412      0.024      9.875      0.000       0.193       0.289
guests_included            2.6098      1.050      2.486      0.013       0.552       4.668
room_type_full            97.5179     10.586      9.212      0.000      76.763     118.272
room_type_pvt             46.0434     10.368      4.441      0.000      25.715      66.372
amentcnt                   0.3493      0.110      3.183      0.001       0.134       0.564
min_night_stay_long      -27.2773     17.051     -1.600      0.110     -60.709       6.155
min_night_stay_mid       -37.1264      3.035    -12.232      0.000     -43.077     -31.175
ppt_condensed_apt        -42.3200     10.110     -4.186      0.000     -62.143     -22.497
ppt_condensed_aptspl     -54.2691     13.933     -3.895      0.000     -81.587     -26.951
ppt_condensed_auto       -99.3112     46.201     -2.150      0.032    -189.894      -8.728
ppt_condensed_hostel     -66.5349     15.463     -4.303      0.000     -96.853     -36.217
ppt_condensed_hotel       -4.0631     11.863     -0.343      0.732     -27.322      19.195
ppt_condensed_house      -37.1098     10.313     -3.598      0.000     -57.330     -16.890
ppt_condensed_other      -23.5655     18.555     -1.270      0.204     -59.945      12.814
zipcode_94014.0          -20.6772     64.491     -0.321      0.749    -147.122     105.767
zipcode_94015.0           18.2737     77.269      0.236      0.813    -133.223     169.770
zipcode_94102.0           59.4280     63.414      0.937      0.349     -64.904     183.760
zipcode_94103.0           38.9137     63.335      0.614      0.539     -85.265     163.092
zipcode_94104.0           39.4491     89.332      0.442      0.659    -135.699     214.597
zipcode_94105.0           89.5277     65.399      1.369      0.171     -38.697     217.752
zipcode_94107.0           33.7246     63.358      0.532      0.595     -90.498     157.948
zipcode_94108.0           82.1999     63.587      1.293      0.196     -42.473     206.873
zipcode_94109.0           59.3702     63.316      0.938      0.348     -64.771     183.511
zipcode_94110.0           23.1615     63.188      0.367      0.714    -100.729     147.052
zipcode_94111.0           53.2439     65.907      0.808      0.419     -75.976     182.464
zipcode_94112.0          -17.7002     63.296     -0.280      0.780    -141.801     106.400
zipcode_94114.0           47.4868     63.242      0.751      0.453     -76.508     171.482
zipcode_94115.0           55.9102     63.344      0.883      0.377     -68.285     180.105
zipcode_94116.0          -13.9689     63.434     -0.220      0.826    -138.340     110.402
zipcode_94117.0           37.0674     63.264      0.586      0.558     -86.970     161.105
zipcode_94118.0           15.6474     63.363      0.247      0.805    -108.586     139.881
zipcode_94121.0           13.1417     63.444      0.207      0.836    -111.250     137.533
zipcode_94122.0           -0.2751     63.324     -0.004      0.997    -124.431     123.881
zipcode_94123.0           64.0799     63.491      1.009      0.313     -60.403     188.563
zipcode_94124.0          -21.4431     63.534     -0.338      0.736    -146.011     103.125
zipcode_94127.0            2.5990     63.572      0.041      0.967    -122.043     127.241
zipcode_94129.0         1.185e-13   4.97e-14      2.383      0.017     2.1e-14    2.16e-13
zipcode_94131.0           21.1189     63.341      0.333      0.739    -103.071     145.309
zipcode_94132.0          -16.4640     63.896     -0.258      0.797    -141.742     108.815
zipcode_94133.0           67.2068     63.441      1.059      0.290     -57.180     191.593
zipcode_94134.0          -25.9473     63.687     -0.407      0.684    -150.815      98.920
zipcode_94158.0           66.8028     66.932      0.998      0.318     -64.427     198.033
==============================================================================
Omnibus:                      575.857   Durbin-Watson:                   2.003
Prob(Omnibus):                  0.000   Jarque-Bera (JB):             2190.146
Skew:                           0.779   Prob(JB):                         0.00
Kurtosis:                       6.546   Cond. No.                     1.25e+16
==============================================================================

Warnings:
[1] Standard Errors assume that the covariance matrix of the errors is correctly specified.
[2] The smallest eigenvalue is 2.09e-25. This might indicate that there are
strong multicollinearity problems or that the design matrix is singular.

   **************** Metrics for :  OLS_LinReg_lt500_DSET  *******************
   R2 (Variance Squared ERROR)                   = 0.6255
   MSE (Mean Squared ERROR)                      = 3561.5455
   RMSE (ROOT Mean Squared ERROR)                = 59.6787
   RMSLE (ROOT Mean Squared Logrithmic ERROR)    = 0.4069
   PCTE  (Percent Absolute Error)                = 0.3189

   Baseline Mean Absolute Error                  = 77.42548779203487
   Predicted Mean Absolute Error                 = 45.545380421542795
   Accuracy  (100-MAPE mean absolute PCT ERR)    = 68.11 %

   **************** -------------------------- ******************* 877 4.519860904486346

RUNNING RANDOM FOREST .................  : RandForrest_lt500_DSET
[85.6]

   **************** Metrics for :  RandForrest_lt500_DSET  *******************
   R2 (Variance Squared ERROR)                   = 0.6420
   MSE (Mean Squared ERROR)                      = 3404.5837
   RMSE (ROOT Mean Squared ERROR)                = 58.3488
   RMSLE (ROOT Mean Squared Logrithmic ERROR)    = 0.3368
   PCTE  (Percent Absolute Error)                = 0.2921

   Baseline Mean Absolute Error                  = 77.42548779203487
   Predicted Mean Absolute Error                 = 42.08878301667925
   Accuracy  (100-MAPE mean absolute PCT ERR)    = 70.79 %

   **************** -------------------------- ******************* 877 4.793743778431826
          1 0.36251502316947526
          5 0.6069084348001449
          10 0.6419964449771263
          15 0.6538637689273343
          25 0.6661192761941022
          50 0.6723172239302699
          100 0.6732565849117348
          150 0.6724063930373041
          200 0.6718714565672512
          250 0.6726619102088365
          300 0.6739348238899352
          400 0.6730944678565933
          500 0.6726507062773008
          700 0.6724118494137681
          900 0.6724938754569088
Fitting 3 folds for each of 100 candidates, totalling 300 fits
{'n_estimators': 200, 'min_samples_split': 5, 'min_samples_leaf': 1, 'max_features': 'sqrt', 'max_depth': 70, 'bootstrap': False}
0.645492975920279
   ********************* BASE MODEL Performance *********************
   R2 Score = 0.62.
   Average Error: 42.5778
   Accuracy = 70.56%.
   ********************* RANDOM MODEL Performance *********************
   R2 Score = 0.69.
   Average Error: 39.6153
   Accuracy = 73.30%.
Improvement of 3.88%.

RUNNING GRADIENT BOOST REGRESSION .................  : GradBoost_lt500_DSET
MSE: 3178.2445
[63.22957445]

   **************** Metrics for :  GradBoost_lt500_DSET  *******************
   R2 (Variance Squared ERROR)                   = 0.6658
   MSE (Mean Squared ERROR)                      = 3178.2445
   RMSE (ROOT Mean Squared ERROR)                = 56.3759
   RMSLE (ROOT Mean Squared Logrithmic ERROR)    = 0.3315
   PCTE  (Percent Absolute Error)                = 0.2970

   Baseline Mean Absolute Error                  = 77.42548779203487
   Predicted Mean Absolute Error                 = 41.98842943005705
   Accuracy  (100-MAPE mean absolute PCT ERR)    = 70.3 %

   **************** -------------------------- ******************* 877 4.452239673714656
          1 0.09213376670931395
          5 0.3392888321869707
          10 0.4770830864470619
          15 0.5374659690602392
          25 0.5934108356361862
          50 0.6385775412129935
          100 0.6657967887364695
          150 0.6780519142213222
          200 0.6809542266877775
          250 0.6836190457011793
          300 0.6846468314940253
          400 0.6859269368785605
          500 0.6844470572678002
          700 0.6843725844358275
          900 0.6812871523107623
Fitting 3 folds for each of 100 candidates, totalling 300 fits
{'n_estimators': 500, 'min_samples_split': 2, 'min_samples_leaf': 4, 'max_features': 'sqrt', 'max_depth': 80, 'learning_rate': 0.01}
0.6506209836195009
   ********************* BASE MODEL Performance *********************
   R2 Score = 0.67.
   Average Error: 41.9884
   Accuracy = 70.30%.
   ********************* RANDOM MODEL Performance *********************
   R2 Score = 0.70.
   Average Error: 38.4835
   Accuracy = 74.44%.
   Improvement of 5.89%.
