
READING INPUT DATASET .................
2018-07-05 2019-07-04
2009-05-03 2018-07-05

PROCESSING INPUT DATASET .................
in dropzips
(4662, 23)

CREATING A CLEAN TRAIN TEST DATASET .................
(4662, 23)
   host_is_superhost         ...           ppt_condensed_other
0                  1         ...                             0
1                  0         ...                             0
2                  0         ...                             0
3                  1         ...                             0
4                  0         ...                             0

[5 rows x 23 columns]
(3729, 22) (933, 22)
(3729,) (933,)
MODELLING PRICE SPLIT DATA !!!!!!!!!!!!!

RUNNING LINEAR REGRESSION .................  :  Lin_lt5C
                           1486     745      1714     359      1826
const                       1.0      1.0      1.0      1.0      1.0
host_is_superhost           0.0      1.0      1.0      1.0      1.0
host_identity_verified      1.0      1.0      0.0      1.0      1.0
zipcode                 94110.0  94110.0  94110.0  94110.0  94117.0
accommodates                5.0      3.0      5.0      4.0      2.0
bathrooms                   2.0      1.0      1.0      2.0      1.5
bedrooms                    2.0      1.0      3.0      2.0      1.0
beds                        3.0      2.0      3.0      2.0      1.0
bed_type                    1.0      1.0      1.0      1.0      1.0
cleaning_fee              175.0     70.0    250.0    110.0      0.0
guests_included             1.0      2.0      4.0      4.0      1.0
room_type_full              1.0      0.0      1.0      1.0      0.0
room_type_pvt               0.0      1.0      0.0      0.0      1.0
amentcnt                   22.0     21.0     20.0     27.0     27.0
min_night_stay_long         0.0      0.0      0.0      0.0      0.0
min_night_stay_mid          0.0      0.0      0.0      0.0      0.0
ppt_condensed_apt           0.0      1.0      0.0      1.0      1.0
ppt_condensed_aptspl        0.0      0.0      0.0      0.0      0.0
ppt_condensed_auto          0.0      0.0      0.0      0.0      0.0
ppt_condensed_hostel        0.0      0.0      0.0      0.0      0.0
ppt_condensed_hotel         0.0      0.0      0.0      0.0      0.0
ppt_condensed_house         1.0      0.0      1.0      0.0      0.0
ppt_condensed_other         0.0      0.0      0.0      0.0      0.0
                            OLS Regression Results                            
==============================================================================
Dep. Variable:                  price   R-squared:                       0.560
Model:                            OLS   Adj. R-squared:                  0.558
Method:                 Least Squares   F-statistic:                     211.4
Date:                Tue, 14 Aug 2018   Prob (F-statistic):               0.00
Time:                        03:33:32   Log-Likelihood:                -19704.
No. Observations:                3505   AIC:                         3.945e+04
Df Residuals:                    3483   BIC:                         3.959e+04
Df Model:                          21                                         
Covariance Type:            nonrobust                                         
==========================================================================================
                             coef    std err          t      P>|t|      [0.025      0.975]
------------------------------------------------------------------------------------------
const                     24.1818     17.520      1.380      0.168     -10.169      58.533
host_is_superhost          4.5237      2.481      1.823      0.068      -0.341       9.389
host_identity_verified    10.2350      2.476      4.134      0.000       5.381      15.090
accommodates              14.7559      1.332     11.079      0.000      12.145      17.367
bathrooms                 15.8919      2.418      6.573      0.000      11.152      20.632
bedrooms                  36.0318      2.331     15.459      0.000      31.462      40.602
beds                     -10.2783      1.955     -5.259      0.000     -14.110      -6.446
bed_type                   1.1294      9.806      0.115      0.908     -18.096      20.355
cleaning_fee               0.3014      0.026     11.799      0.000       0.251       0.352
guests_included            1.1554      1.108      1.043      0.297      -1.017       3.327
room_type_full            92.7709     10.874      8.531      0.000      71.450     114.092
room_type_pvt             41.8636     10.673      3.922      0.000      20.937      62.790
amentcnt                   0.3017      0.115      2.629      0.009       0.077       0.527
min_night_stay_long      -30.2203     18.082     -1.671      0.095     -65.673       5.233
min_night_stay_mid       -34.2040      3.170    -10.790      0.000     -40.419     -27.989
ppt_condensed_apt        -44.6693     10.510     -4.250      0.000     -65.275     -24.063
ppt_condensed_aptspl     -22.7201     14.393     -1.579      0.115     -50.940       5.500
ppt_condensed_auto       -62.1236     48.683     -1.276      0.202    -157.574      33.327
ppt_condensed_hostel     -57.5671     15.597     -3.691      0.000     -88.147     -26.988
ppt_condensed_hotel       28.3908     11.647      2.438      0.015       5.554      51.227
ppt_condensed_house      -58.6435     10.650     -5.506      0.000     -79.524     -37.763
ppt_condensed_other      -17.7132     19.405     -0.913      0.361     -55.760      20.333
==============================================================================
Omnibus:                      543.915   Durbin-Watson:                   1.991
Prob(Omnibus):                  0.000   Jarque-Bera (JB):             1514.159
Skew:                           0.829   Prob(JB):                         0.00
Kurtosis:                       5.760   Cond. No.                     4.19e+03
==============================================================================

Warnings:
[1] Standard Errors assume that the covariance matrix of the errors is correctly specified.
[2] The condition number is large, 4.19e+03. This might indicate that there are
strong multicollinearity or other numerical problems.

   **************** Metrics for :  Lin_lt5C  *******************
   R2 (Variance Squared ERROR)                   = 0.5630
   MSE (Mean Squared ERROR)                      = 4155.3912
   RMSE (ROOT Mean Squared ERROR)                = 64.4623
   RMSLE (ROOT Mean Squared Logrithmic ERROR)    = 0.3848
   PCTE  (Percent Absolute Error)                = 0.3486

   Baseline Mean Absolute Error                  = 77.42548779203487
   Predicted Mean Absolute Error                 = 49.562200402974916
   Accuracy  (100-MAPE mean absolute PCT ERR)    = 65.14 %

   **************** -------------------------- ******************* 877 4.849129093161211

RUNNING RANDOM FOREST .................  : RF_lt5C
                           1486     745      1714     359      1826
host_is_superhost           0.0      1.0      1.0      1.0      1.0
host_identity_verified      1.0      1.0      0.0      1.0      1.0
zipcode                 94110.0  94110.0  94110.0  94110.0  94117.0
accommodates                5.0      3.0      5.0      4.0      2.0
bathrooms                   2.0      1.0      1.0      2.0      1.5
bedrooms                    2.0      1.0      3.0      2.0      1.0
beds                        3.0      2.0      3.0      2.0      1.0
bed_type                    1.0      1.0      1.0      1.0      1.0
cleaning_fee              175.0     70.0    250.0    110.0      0.0
guests_included             1.0      2.0      4.0      4.0      1.0
room_type_full              1.0      0.0      1.0      1.0      0.0
room_type_pvt               0.0      1.0      0.0      0.0      1.0
amentcnt                   22.0     21.0     20.0     27.0     27.0
min_night_stay_long         0.0      0.0      0.0      0.0      0.0
min_night_stay_mid          0.0      0.0      0.0      0.0      0.0
ppt_condensed_apt           0.0      1.0      0.0      1.0      1.0
ppt_condensed_aptspl        0.0      0.0      0.0      0.0      0.0
ppt_condensed_auto          0.0      0.0      0.0      0.0      0.0
ppt_condensed_hostel        0.0      0.0      0.0      0.0      0.0
ppt_condensed_hotel         0.0      0.0      0.0      0.0      0.0
ppt_condensed_house         1.0      0.0      1.0      0.0      0.0
ppt_condensed_other         0.0      0.0      0.0      0.0      0.0

   **************** Metrics for :  RF_lt5C  *******************
   R2 (Variance Squared ERROR)                   = 0.6035
   MSE (Mean Squared ERROR)                      = 3771.0860
   RMSE (ROOT Mean Squared ERROR)                = 61.4092
   RMSLE (ROOT Mean Squared Logrithmic ERROR)    = 0.3510
   PCTE  (Percent Absolute Error)                = 0.3058

   Baseline Mean Absolute Error                  = 77.42548779203487
   Predicted Mean Absolute Error                 = 44.75984634657567
   Accuracy  (100-MAPE mean absolute PCT ERR)    = 69.42 %

   **************** -------------------------- ******************* 877 4.791046122367235
          1 0.3613363630308515
          5 0.5803902253784491
          10 0.6034574852494206
          15 0.6092656330881016
          25 0.6275987325663113
          50 0.6326974473477271
          100 0.6342085597370956
          150 0.632416522058659
          200 0.634679863195903
          250 0.6373515184476073
          300 0.6370765154032141
          400 0.6359011062886915
          500 0.6361040276604142
          700 0.6351398872275846
          900 0.6349069995117185
          1200 0.635113004652797
          1500 0.6351180282011322
          1800 0.634568986251907
          2000 0.6346750849427354
[1, 5, 10, 15, 25, 50, 100, 150, 200, 250, 300, 400, 500, 700, 900, 1200, 1500, 1800, 2000] [0.3613363630308515, 0.5803902253784491, 0.6034574852494206, 0.6092656330881016, 0.6275987325663113, 0.6326974473477271, 0.6342085597370956, 0.632416522058659, 0.634679863195903, 0.6373515184476073, 0.6370765154032141, 0.6359011062886915, 0.6361040276604142, 0.6351398872275846, 0.6349069995117185, 0.635113004652797, 0.6351180282011322, 0.634568986251907, 0.6346750849427354]
Fitting 3 folds for each of 100 candidates, totalling 300 fits
{'n_estimators': 200, 'min_samples_split': 2, 'min_samples_leaf': 1, 'max_features': 'sqrt', 'max_depth': 10, 'bootstrap': True}
0.6092860936573391
   ********************* BASE MODEL Performance *********************
   R2 Score = 0.60.
   Average Error: 44.7475
   Accuracy = 69.81%.
   ********************* RANDOM MODEL Performance *********************
   R2 Score = 0.65.
   Average Error: 44.1550
   Accuracy = 69.05%.
Improvement of -1.09%.

   **************** Metrics for :  RF_lt5CBFF  *******************
   R2 (Variance Squared ERROR)                   = 0.6462
   MSE (Mean Squared ERROR)                      = 3364.7305
   RMSE (ROOT Mean Squared ERROR)                = 58.0063
   RMSLE (ROOT Mean Squared Logrithmic ERROR)    = 0.3400
   PCTE  (Percent Absolute Error)                = 0.3095

   Baseline Mean Absolute Error                  = 77.42548779203487
   Predicted Mean Absolute Error                 = 44.155004688227955
   Accuracy  (100-MAPE mean absolute PCT ERR)    = 69.05 %

   **************** -------------------------- ******************* 877 4.416768645029294

RUNNING GRADIENT BOOST REGRESSION .................  : GB_lt5C
                         1486  745    1714   359   1826
host_is_superhost         0.0   1.0    1.0    1.0   1.0
host_identity_verified    1.0   1.0    0.0    1.0   1.0
accommodates              5.0   3.0    5.0    4.0   2.0
bathrooms                 2.0   1.0    1.0    2.0   1.5
bedrooms                  2.0   1.0    3.0    2.0   1.0
beds                      3.0   2.0    3.0    2.0   1.0
bed_type                  1.0   1.0    1.0    1.0   1.0
cleaning_fee            175.0  70.0  250.0  110.0   0.0
guests_included           1.0   2.0    4.0    4.0   1.0
room_type_full            1.0   0.0    1.0    1.0   0.0
room_type_pvt             0.0   1.0    0.0    0.0   1.0
amentcnt                 22.0  21.0   20.0   27.0  27.0
min_night_stay_long       0.0   0.0    0.0    0.0   0.0
min_night_stay_mid        0.0   0.0    0.0    0.0   0.0
ppt_condensed_apt         0.0   1.0    0.0    1.0   1.0
ppt_condensed_aptspl      0.0   0.0    0.0    0.0   0.0
ppt_condensed_auto        0.0   0.0    0.0    0.0   0.0
ppt_condensed_hostel      0.0   0.0    0.0    0.0   0.0
ppt_condensed_hotel       0.0   0.0    0.0    0.0   0.0
ppt_condensed_house       1.0   0.0    1.0    0.0   0.0
ppt_condensed_other       0.0   0.0    0.0    0.0   0.0
